[     297ms] [ERROR] Failed to load resource: the server responded with a status of 404 (Not Found) @ http://localhost:3000/images/logo-white.svg:0
[     306ms] [INFO] %cDownload the React DevTools for a better development experience: https://react.dev/link/react-devtools font-weight:bold @ http://localhost:3000/_next/static/chunks/0v0p_next_dist_0twlj~6._.js:2431
[     330ms] [LOG] [HMR] connected @ http://localhost:3000/_next/static/chunks/0v0p_next_dist_0twlj~6._.js:2431
[     370ms] [ERROR] Failed to load resource: the server responded with a status of 404 (Not Found) @ http://localhost:3000/videos/hero.mp4:0
[   64159ms] [LOG] [Fast Refresh] rebuilding @ http://localhost:3000/_next/static/chunks/0v0p_next_dist_0twlj~6._.js:2431
[   64179ms] [LOG] [Fast Refresh] done in 120ms @ http://localhost:3000/_next/static/chunks/0v0p_next_dist_0twlj~6._.js:2431
[  173392ms] [LOG] [Fast Refresh] rebuilding @ http://localhost:3000/_next/static/chunks/0v0p_next_dist_0twlj~6._.js:2431
[  173442ms] [LOG] [Fast Refresh] done in 121ms @ http://localhost:3000/_next/static/chunks/0v0p_next_dist_0twlj~6._.js:2431
[  173563ms] [ERROR] Failed to load resource: the server responded with a status of 404 (Not Found) @ http://localhost:3000/public/images/logo.svg:0
[  182789ms] [LOG] [Fast Refresh] rebuilding @ http://localhost:3000/_next/static/chunks/0v0p_next_dist_0twlj~6._.js:2431
[  182871ms] [LOG] [Fast Refresh] done in 182ms @ http://localhost:3000/_next/static/chunks/0v0p_next_dist_0twlj~6._.js:2431
[  197701ms] [ERROR] Failed to load resource: the server responded with a status of 404 (Not Found) @ http://localhost:3000/public/images/logo.svg:0
[  197718ms] [INFO] %cDownload the React DevTools for a better development experience: https://react.dev/link/react-devtools font-weight:bold @ http://localhost:3000/_next/static/chunks/0v0p_next_dist_0twlj~6._.js:2431
[  197753ms] [ERROR] Failed to load resource: the server responded with a status of 404 (Not Found) @ http://localhost:3000/videos/hero.mp4:0
[  197763ms] [LOG] [HMR] connected @ http://localhost:3000/_next/static/chunks/0v0p_next_dist_0twlj~6._.js:2431
[  211488ms] [LOG] [Fast Refresh] rebuilding @ http://localhost:3000/_next/static/chunks/0v0p_next_dist_0twlj~6._.js:2431
[  211524ms] [LOG] [Fast Refresh] done in 33ms @ http://localhost:3000/_next/static/chunks/0v0p_next_dist_0twlj~6._.js:2431
[  211662ms] [LOG] [Fast Refresh] rebuilding @ http://localhost:3000/_next/static/chunks/0v0p_next_dist_0twlj~6._.js:2431
[  211669ms] [LOG] [Fast Refresh] done in 108ms @ http://localhost:3000/_next/static/chunks/0v0p_next_dist_0twlj~6._.js:2431
[  211682ms] [ERROR] Failed to load resource: the server responded with a status of 404 (Not Found) @ http://localhost:3000/public/images/logo.svg:0
[  234353ms] [LOG] [Fast Refresh] rebuilding @ http://localhost:3000/_next/static/chunks/0v0p_next_dist_0twlj~6._.js:2431
[  234396ms] [ERROR] Failed to load resource: the server responded with a status of 404 (Not Found) @ http://localhost:3000/images/logo-white.svg:0
[  234397ms] [LOG] [Fast Refresh] done in 42ms @ http://localhost:3000/_next/static/chunks/0v0p_next_dist_0twlj~6._.js:2431
[  236183ms] [LOG] [Fast Refresh] rebuilding @ http://localhost:3000/_next/static/chunks/0v0p_next_dist_0twlj~6._.js:2431
[  236241ms] [LOG] [Fast Refresh] done in 158ms @ http://localhost:3000/_next/static/chunks/0v0p_next_dist_0twlj~6._.js:2431
[  236352ms] [ERROR] Failed to load resource: the server responded with a status of 404 (Not Found) @ http://localhost:3000/images/logo-white.svg:0
[  236376ms] [INFO] %cDownload the React DevTools for a better development experience: https://react.dev/link/react-devtools font-weight:bold @ http://localhost:3000/_next/static/chunks/0v0p_next_dist_0twlj~6._.js:2431
[  236402ms] [LOG] [HMR] connected @ http://localhost:3000/_next/static/chunks/0v0p_next_dist_0twlj~6._.js:2431
[  236403ms] [ERROR] Failed to load resource: the server responded with a status of 404 (Not Found) @ http://localhost:3000/videos/hero.mp4:0
[  262134ms] [LOG] [Fast Refresh] rebuilding @ http://localhost:3000/_next/static/chunks/0v0p_next_dist_0twlj~6._.js:2431
[  262254ms] [LOG] [Fast Refresh] done in 63ms @ http://localhost:3000/_next/static/chunks/0v0p_next_dist_0twlj~6._.js:2431
[  262394ms] [LOG] [Fast Refresh] rebuilding @ http://localhost:3000/_next/static/chunks/0v0p_next_dist_0twlj~6._.js:2431
[  262416ms] [LOG] [Fast Refresh] done in 123ms @ http://localhost:3000/_next/static/chunks/0v0p_next_dist_0twlj~6._.js:2431
[  262469ms] [ERROR] Failed to load resource: the server responded with a status of 404 (Not Found) @ http://localhost:3000/images/logo-white.svg:0
[  442996ms] [LOG] [Fast Refresh] rebuilding @ http://localhost:3000/_next/static/chunks/0v0p_next_dist_0twlj~6._.js:2431
[  443044ms] [LOG] [Fast Refresh] done in 126ms @ http://localhost:3000/_next/static/chunks/0v0p_next_dist_0twlj~6._.js:2431
